<?xml version="1.0" encoding="UTF-8"?>
<!-- Generated by org.testng.reporters.JUnitReportReporter -->
<testsuite hostname="SIPl-DT-PS" failures="0" tests="1" name="Practice.Appium.AppiumBasic" time="5.781" errors="0" timestamp="2023-10-05T10:09:07 IST" skipped="0">
  <testcase classname="Practice.Appium.AppiumBasic" name="wifiSettingName" time="5.781"/>
  <system-out/>
</testsuite> <!-- Practice.Appium.AppiumBasic -->
