<?xml version="1.0" encoding="UTF-8"?>
<!-- Generated by org.testng.reporters.JUnitReportReporter -->
<testsuite hostname="SIPl-DT-PS" failures="0" tests="1" name="Practice.Appium.DragAndDropDemo" time="8.165" errors="0" timestamp="2023-10-06T14:36:03 IST" skipped="0">
  <testcase classname="Practice.Appium.DragAndDropDemo" name="dragAndDrop" time="8.165"/>
  <system-out/>
</testsuite> <!-- Practice.Appium.DragAndDropDemo -->
