<?xml version="1.0" encoding="UTF-8"?>
<!-- Generated by org.testng.reporters.JUnitReportReporter -->
<testsuite hostname="SIPl-DT-PS" failures="0" tests="1" name="Practice.Appium.SwipeDemo" time="8.940" errors="0" timestamp="2023-10-06T12:40:45 IST" skipped="0">
  <testcase classname="Practice.Appium.SwipeDemo" name="SwipeIntoElement" time="8.940"/>
  <system-out/>
</testsuite> <!-- Practice.Appium.SwipeDemo -->
